<?xml version="1.0" encoding="UTF-8"?>
<!-- Generated by org.testng.reporters.JUnitReportReporter -->
<testsuite hostname="DESKTOP-JQJ5R9C" failures="0" tests="2" name="runner.Runner" time="0.105" errors="2" timestamp="2024-05-27T01:23:53 IST" skipped="0">
  <testcase classname="runner.Runner" name="runScenario" time="0.013">
    <error message="Cannot invoke &quot;org.openqa.selenium.chrome.ChromeDriver.findElement(org.openqa.selenium.By)&quot; because &quot;steps.Login.driver&quot; is null" type="java.lang.NullPointerException">
      <![CDATA[java.lang.NullPointerException: Cannot invoke "org.openqa.selenium.chrome.ChromeDriver.findElement(org.openqa.selenium.By)" because "steps.Login.driver" is null
at steps.Login.enterUsername(Login.java:22)
at ✽.Enter Username as Demo(file:///D:/TestLeaf/Selenium/src/test/java/features/Login.feature:21)
]]>
    </error>
  </testcase> <!-- runScenario -->
  <system-out/>
  <testcase classname="runner.Runner" name="runScenario" time="0.092">
    <error message="Cannot invoke &quot;org.openqa.selenium.chrome.ChromeDriver.findElement(org.openqa.selenium.By)&quot; because &quot;steps.Login.driver&quot; is null" type="java.lang.NullPointerException">
      <![CDATA[java.lang.NullPointerException: Cannot invoke "org.openqa.selenium.chrome.ChromeDriver.findElement(org.openqa.selenium.By)" because "steps.Login.driver" is null
at steps.Login.enterUsername(Login.java:22)
at ✽.Enter Username as DemoSalesManager(file:///D:/TestLeaf/Selenium/src/test/java/features/Login.feature:9)
]]>
    </error>
  </testcase> <!-- runScenario -->
  <system-out/>
</testsuite> <!-- runner.Runner -->
